# Maximum readers: 2
# Number of data sets: 1
# Number of points per data file:  45
# Number of readers per data file:  2
# Readers per data set: 
 1 2
# Lowest age: 1
# Maxage age: 14
# RefAge (by data set):  10
# First age with estimated proportion (by data set):  0
# Last age with estimated proportion (by data set):  10
# Bias options (by READER):  0 0
# Sigma options (by READER):  2 3
# Effective sample size by data set (<0 ignore):  0
# Use PIN file (1 = Yes): 0
Number of bias parameters 0
Number of variance parameters 6

The data
 3 9 6
 1 8 5
 6 8 6
 1 11 9
 1 10 8
 1 9 7
 10 7 5
 7 6 4
 9 5 3
 2 4 2
 45 6 5
 33 3 2
 88 5 4
 72 4 3
 2 9 8
 10 8 7
 23 7 6
 12 2 1
 235 4 4
 50 7 7
 224 5 5
 231 3 3
 219 2 2
 156 1 1
 103 6 6
 7 8 8
 4 9 9
 1 12 12
 71 4 5
 27 6 7
 63 5 6
 61 3 4
 14 1 2
 8 7 8
 35 2 3
 1 9 10
 2 8 9
 3 0 1
 8 4 6
 8 3 5
 6 5 7
 2 7 9
 3 6 8
 5 2 4
 1 6 9
123456
Structure of the data set
Data set # Entries Reader boolean
 1 45 1 2
ReaderSumm
 1 2 1
